<?xml version="1.0" encoding="UTF-8"?>
<!-- Generated by org.testng.reporters.JUnitReportReporter -->
<testsuite hostname="Srinivas-PC" failures="0" tests="1" name="I_TestListner.TestCase1" time="7.033" errors="0" timestamp="2024-05-07T13:46:52 IST" skipped="0">
  <testcase classname="I_TestListner.TestCase1" name="TC" time="7.033"/>
  <system-out>
Test Execution Started Test Case 1.... Test Execution Failed  </system-out>
</testsuite> <!-- I_TestListner.TestCase1 -->
