<?xml version="1.0" encoding="UTF-8"?>
<!-- Generated by org.testng.reporters.JUnitReportReporter -->
<testsuite hostname="Srinivas-PC" failures="0" tests="1" name="TestNG_Practicee.TestCaseOne" time="9.360" errors="0" timestamp="2024-05-03T13:18:31 IST" skipped="0">
  <testcase classname="TestNG_Practicee.TestCaseOne" name="TC" time="9.360"/>
  <system-out/>
</testsuite> <!-- TestNG_Practicee.TestCaseOne -->
