<?xml version="1.0" encoding="UTF-8"?>
<!-- Generated by org.testng.reporters.JUnitReportReporter -->
<testsuite hostname="Srinivas-PC" failures="0" tests="2" name="TestNG_Practicee.DataProvider_Method" time="39.096" errors="0" timestamp="2024-05-04T13:36:38 IST" skipped="0">
  <testcase classname="TestNG_Practicee.DataProvider_Method" name="TestCase_Register" time="17.453"/>
  <system-out/>
  <testcase classname="TestNG_Practicee.DataProvider_Method" name="TestCase_Register" time="21.643"/>
  <system-out/>
</testsuite> <!-- TestNG_Practicee.DataProvider_Method -->
