<?xml version="1.0" encoding="UTF-8"?>
<!-- Generated by org.testng.reporters.JUnitReportReporter -->
<testsuite hostname="Srinivas-PC" failures="0" tests="1" name="Assertion.AssertNotEquals_Method" time="21.442" errors="0" timestamp="2024-05-06T12:45:46 IST" skipped="0">
  <testcase classname="Assertion.AssertNotEquals_Method" name="Link" time="21.442"/>
  <system-out/>
</testsuite> <!-- Assertion.AssertNotEquals_Method -->
