<?xml version="1.0" encoding="UTF-8"?>
<!-- Generated by org.testng.reporters.JUnitReportReporter -->
<testsuite hostname="Srinivas-PC" failures="0" tests="1" name="Assertion.AssertTrue_Method" time="16.813" errors="0" timestamp="2024-05-06T13:10:44 IST" skipped="0">
  <testcase classname="Assertion.AssertTrue_Method" name="TCpass" time="16.813"/>
  <system-out/>
</testsuite> <!-- Assertion.AssertTrue_Method -->
