<?xml version="1.0" encoding="UTF-8"?>
<!-- Generated by org.testng.reporters.JUnitReportReporter -->
<testsuite hostname="Srinivas-PC" failures="0" tests="1" name="Assertion.AssertEqualsMethod" time="11.487" errors="0" timestamp="2024-05-06T12:25:12 IST" skipped="0">
  <testcase classname="Assertion.AssertEqualsMethod" name="Link" time="11.487"/>
  <system-out/>
</testsuite> <!-- Assertion.AssertEqualsMethod -->
