<?xml version="1.0" encoding="UTF-8"?>
<!-- Generated by org.testng.reporters.JUnitReportReporter -->
<testsuite hostname="Srinivas-PC" failures="0" tests="1" name="TestNG_Practicee.TestCaseTwo" time="6.803" errors="0" timestamp="2024-05-03T13:18:31 IST" skipped="0">
  <testcase classname="TestNG_Practicee.TestCaseTwo" name="TCC" time="6.803"/>
  <system-out/>
</testsuite> <!-- TestNG_Practicee.TestCaseTwo -->
