<?xml version="1.0" encoding="UTF-8"?>
<!-- Generated by org.testng.reporters.JUnitReportReporter -->
<testsuite hostname="Srinivas-PC" failures="0" tests="1" name="TestNG_Practicee.GroupTC_1" time="0.022" errors="0" timestamp="2024-05-04T13:12:55 IST" skipped="0">
  <testcase classname="TestNG_Practicee.GroupTC_1" name="TC" time="0.022"/>
  <system-out>
Group One Smoke  </system-out>
</testsuite> <!-- TestNG_Practicee.GroupTC_1 -->
