<?xml version="1.0" encoding="UTF-8"?>
<!-- Generated by org.testng.reporters.JUnitReportReporter -->
<testsuite hostname="Srinivas-PC" failures="0" tests="1" name="TestNG_Practicee.GroupTC_2" time="0.003" errors="0" timestamp="2024-05-04T13:12:55 IST" skipped="0">
  <testcase classname="TestNG_Practicee.GroupTC_2" name="TCC" time="0.003"/>
  <system-out>
Group Two Smoke  </system-out>
</testsuite> <!-- TestNG_Practicee.GroupTC_2 -->
