<?xml version="1.0" encoding="UTF-8"?>
<!-- Generated by org.testng.reporters.JUnitReportReporter -->
<testsuite hostname="Srinivas-PC" failures="0" tests="1" name="AutomatingExcelWroksheet.TestCase1" time="1.122" errors="0" timestamp="2024-05-09T12:33:46 IST" skipped="0">
  <testcase classname="AutomatingExcelWroksheet.TestCase1" name="tcc" time="1.122"/>
  <system-out/>
</testsuite> <!-- AutomatingExcelWroksheet.TestCase1 -->
